<?xml version="1.0" encoding="UTF-8"?>
<!-- Generated by org.testng.reporters.JUnitReportReporter -->
<testsuite hostname="DESKTOP-T7IHCJ8" failures="0" tests="5" name="runners.MyRunner" time="30.870" errors="0" timestamp="2025-04-16T10:18:09 IST" skipped="0">
  <testcase classname="runners.MyRunner" name="runScenario" time="4.860"/>
  <system-out/>
  <testcase classname="runners.MyRunner" name="runScenario" time="1.382"/>
  <system-out/>
  <testcase classname="runners.MyRunner" name="runScenario" time="4.841"/>
  <system-out/>
  <testcase classname="runners.MyRunner" name="runScenario" time="11.740"/>
  <system-out/>
  <testcase classname="runners.MyRunner" name="runScenario" time="8.047"/>
  <system-out/>
</testsuite> <!-- runners.MyRunner -->
