<?xml version="1.0" encoding="UTF-8"?>
<!-- Generated by org.testng.reporters.JUnitReportReporter -->
<testsuite hostname="DESKTOP-T7IHCJ8" failures="0" tests="5" name="runners.MyRunner" time="24.166" errors="0" timestamp="2025-04-15T19:32:02 IST" skipped="0">
  <testcase classname="runners.MyRunner" name="runScenario" time="3.740"/>
  <system-out/>
  <testcase classname="runners.MyRunner" name="runScenario" time="1.877"/>
  <system-out/>
  <testcase classname="runners.MyRunner" name="runScenario" time="4.954"/>
  <system-out/>
  <testcase classname="runners.MyRunner" name="runScenario" time="6.620"/>
  <system-out/>
  <testcase classname="runners.MyRunner" name="runScenario" time="6.975"/>
  <system-out/>
</testsuite> <!-- runners.MyRunner -->
