<?xml version="1.0" encoding="UTF-8"?>
<!-- Generated by org.testng.reporters.JUnitReportReporter -->
<testsuite hostname="DESKTOP-T7IHCJ8" failures="0" tests="4" name="runners.MyRunner" time="28.758" errors="0" timestamp="2025-04-16T00:52:56 IST" skipped="0">
  <testcase classname="runners.MyRunner" name="runScenario" time="1.624"/>
  <system-out/>
  <testcase classname="runners.MyRunner" name="runScenario" time="5.677"/>
  <system-out/>
  <testcase classname="runners.MyRunner" name="runScenario" time="8.867"/>
  <system-out/>
  <testcase classname="runners.MyRunner" name="runScenario" time="12.590"/>
  <system-out/>
</testsuite> <!-- runners.MyRunner -->
